Added Component: Designator=C1(CAPC6032X28N)
Added Component: Designator=C2(CAPC6032X28N)
Added Component: Designator=C3(CAPC6032X28N)
Added Component: Designator=P1(HDR1X2)
Added Component: Designator=P2(HDR1X8)
Added Component: Designator=P3(HDR2X4)
Added Component: Designator=P4(HDR1X10)
Added Component: Designator=P5(HDR1X10)
Added Component: Designator=SW1(Switch)
Added Component: Designator=U1(TI-PW20_N)
Added Pin To Net: NetName=CE Pin=P3-3
Added Pin To Net: NetName=CE Pin=P4-6
Added Pin To Net: NetName=CE Pin=U1-6
Added Net: Name=CE
Added Pin To Net: NetName=CSN Pin=P3-4
Added Net: Name=CSN
Added Pin To Net: NetName=GND Pin=C1-1
Added Pin To Net: NetName=GND Pin=C2-1
Added Pin To Net: NetName=GND Pin=C3-1
Added Pin To Net: NetName=GND Pin=P1-2
Added Pin To Net: NetName=GND Pin=P2-2
Added Pin To Net: NetName=GND Pin=P3-1
Added Pin To Net: NetName=GND Pin=P5-10
Added Pin To Net: NetName=GND Pin=U1-20
Added Net: Name=GND
Added Pin To Net: NetName=IRQ Pin=P3-8
Added Net: Name=IRQ
Added Pin To Net: NetName=MISO Pin=P3-7
Added Pin To Net: NetName=MISO Pin=P4-3
Added Pin To Net: NetName=MISO Pin=U1-3
Added Net: Name=MISO
Added Pin To Net: NetName=MOSI Pin=P3-6
Added Pin To Net: NetName=MOSI Pin=P4-4
Added Pin To Net: NetName=MOSI Pin=U1-4
Added Net: Name=MOSI
Added Pin To Net: NetName=NetP1_1 Pin=P1-1
Added Pin To Net: NetName=NetP1_1 Pin=SW1-2
Added Net: Name=NetP1_1
Added Pin To Net: NetName=NetP4_2 Pin=P4-2
Added Pin To Net: NetName=NetP4_2 Pin=U1-2
Added Net: Name=NetP4_2
Added Pin To Net: NetName=NetP4_5 Pin=P4-5
Added Pin To Net: NetName=NetP4_5 Pin=U1-5
Added Net: Name=NetP4_5
Added Pin To Net: NetName=NetP4_8 Pin=P4-8
Added Pin To Net: NetName=NetP4_8 Pin=U1-8
Added Net: Name=NetP4_8
Added Pin To Net: NetName=NetP4_9 Pin=P4-9
Added Pin To Net: NetName=NetP4_9 Pin=U1-9
Added Net: Name=NetP4_9
Added Pin To Net: NetName=NetP4_10 Pin=P4-10
Added Pin To Net: NetName=NetP4_10 Pin=U1-10
Added Net: Name=NetP4_10
Added Pin To Net: NetName=NetP5_1 Pin=P5-1
Added Pin To Net: NetName=NetP5_1 Pin=U1-11
Added Net: Name=NetP5_1
Added Pin To Net: NetName=NetP5_2 Pin=P5-2
Added Pin To Net: NetName=NetP5_2 Pin=U1-12
Added Net: Name=NetP5_2
Added Pin To Net: NetName=NetP5_3 Pin=P5-3
Added Pin To Net: NetName=NetP5_3 Pin=U1-13
Added Net: Name=NetP5_3
Added Pin To Net: NetName=NetP5_6 Pin=P5-6
Added Pin To Net: NetName=NetP5_6 Pin=U1-16
Added Net: Name=NetP5_6
Added Pin To Net: NetName=NetP5_7 Pin=P5-7
Added Pin To Net: NetName=NetP5_7 Pin=U1-17
Added Net: Name=NetP5_7
Added Pin To Net: NetName=NetP5_8 Pin=P5-8
Added Pin To Net: NetName=NetP5_8 Pin=U1-18
Added Net: Name=NetP5_8
Added Pin To Net: NetName=NetP5_9 Pin=P5-9
Added Pin To Net: NetName=NetP5_9 Pin=U1-19
Added Net: Name=NetP5_9
Added Pin To Net: NetName=SCK Pin=P3-5
Added Net: Name=SCK
Added Pin To Net: NetName=SCL Pin=P2-3
Added Pin To Net: NetName=SCL Pin=P5-4
Added Pin To Net: NetName=SCL Pin=U1-14
Added Net: Name=SCL
Added Pin To Net: NetName=SDA Pin=P2-4
Added Pin To Net: NetName=SDA Pin=P5-5
Added Pin To Net: NetName=SDA Pin=U1-15
Added Net: Name=SDA
Added Pin To Net: NetName=VCC Pin=C1-2
Added Pin To Net: NetName=VCC Pin=C2-2
Added Pin To Net: NetName=VCC Pin=C3-2
Added Pin To Net: NetName=VCC Pin=P2-1
Added Pin To Net: NetName=VCC Pin=P3-2
Added Pin To Net: NetName=VCC Pin=P4-1
Added Pin To Net: NetName=VCC Pin=P4-7
Added Pin To Net: NetName=VCC Pin=U1-1
Added Pin To Net: NetName=VCC Pin=U1-7
Added Net: Name=VCC
